2025-07-15 22:52:18,271 - DEBUG - Loading KWallet
2025-07-15 22:52:18,273 - DEBUG - Loading SecretService
2025-07-15 22:52:18,274 - DEBUG - Loading Windows
2025-07-15 22:52:18,282 - DEBUG - Loaded ctypes backend
2025-07-15 22:52:18,290 - DEBUG - Loading chainer
2025-07-15 22:52:18,291 - DEBUG - Loading libsecret
2025-07-15 22:52:18,292 - DEBUG - Loading macOS
2025-07-15 22:52:19,961 - INFO - Attempting to locate button images in region: (1305, 592, 153, 192)
2025-07-15 22:52:20,127 - INFO - Found middle button directly
2025-07-15 22:52:20,127 - INFO - Attempting to click the middle button at: (1371, 702)
2025-07-15 22:52:20,236 - INFO - Clicked the middle button
2025-07-15 22:53:32,855 - DEBUG - Loading KWallet
2025-07-15 22:53:32,859 - DEBUG - Loading SecretService
2025-07-15 22:53:32,860 - DEBUG - Loading Windows
2025-07-15 22:53:32,867 - DEBUG - Loaded ctypes backend
2025-07-15 22:53:32,875 - DEBUG - Loading chainer
2025-07-15 22:53:32,876 - DEBUG - Loading libsecret
2025-07-15 22:53:32,877 - DEBUG - Loading macOS
2025-07-15 22:53:34,560 - INFO - Attempting to locate button images in region: (1305, 592, 153, 192)
2025-07-15 22:53:34,754 - ERROR - An error occurred while trying to find or click the button: 
2025-07-15 22:53:34,757 - ERROR - Traceback (most recent call last):
  File "C:\Users\Matteo\AppData\Local\Programs\Python\Python313\Lib\site-packages\pyautogui\__init__.py", line 172, in wrapper
    return wrappedFunction(*args, **kwargs)
  File "C:\Users\Matteo\AppData\Local\Programs\Python\Python313\Lib\site-packages\pyautogui\__init__.py", line 210, in locateOnScreen
    return pyscreeze.locateOnScreen(*args, **kwargs)
           ~~~~~~~~~~~~~~~~~~~~~~~~^^^^^^^^^^^^^^^^^
  File "C:\Users\Matteo\AppData\Local\Programs\Python\Python313\Lib\site-packages\pyscreeze\__init__.py", line 405, in locateOnScreen
    retVal = locate(image, screenshotIm, **kwargs)
  File "C:\Users\Matteo\AppData\Local\Programs\Python\Python313\Lib\site-packages\pyscreeze\__init__.py", line 383, in locate
    points = tuple(locateAll(needleImage, haystackImage, **kwargs))
  File "C:\Users\Matteo\AppData\Local\Programs\Python\Python313\Lib\site-packages\pyscreeze\__init__.py", line 257, in _locateAll_opencv
    raise ImageNotFoundException('Could not locate the image (highest confidence = %.3f)' % result.max())
pyscreeze.ImageNotFoundException: Could not locate the image (highest confidence = 0.532)

During handling of the above exception, another exception occurred:

Traceback (most recent call last):
  File "c:\Users\Matteo\Desktop\VPN KUL\vpn_kul.py", line 70, in <module>
    middle_button = pyautogui.locateOnScreen('middle_button.png', confidence=0.75, region=region)
  File "C:\Users\Matteo\AppData\Local\Programs\Python\Python313\Lib\site-packages\pyautogui\__init__.py", line 174, in wrapper
    raise ImageNotFoundException  # Raise PyAutoGUI's ImageNotFoundException.
    ^^^^^^^^^^^^^^^^^^^^^^^^^^^^
pyautogui.ImageNotFoundException

2025-07-15 22:53:35,020 - INFO - Error screenshot saved as error_screenshot.png
2025-07-15 22:53:45,135 - DEBUG - Loading KWallet
2025-07-15 22:53:45,137 - DEBUG - Loading SecretService
2025-07-15 22:53:45,138 - DEBUG - Loading Windows
2025-07-15 22:53:45,147 - DEBUG - Loaded ctypes backend
2025-07-15 22:53:45,156 - DEBUG - Loading chainer
2025-07-15 22:53:45,157 - DEBUG - Loading libsecret
2025-07-15 22:53:45,159 - DEBUG - Loading macOS
2025-07-15 22:53:46,841 - INFO - Attempting to locate button images in region: (1305, 592, 153, 192)
2025-07-15 22:53:47,027 - ERROR - An error occurred while trying to find or click the button: 
2025-07-15 22:53:47,030 - ERROR - Traceback (most recent call last):
  File "C:\Users\Matteo\AppData\Local\Programs\Python\Python313\Lib\site-packages\pyautogui\__init__.py", line 172, in wrapper
    return wrappedFunction(*args, **kwargs)
  File "C:\Users\Matteo\AppData\Local\Programs\Python\Python313\Lib\site-packages\pyautogui\__init__.py", line 210, in locateOnScreen
    return pyscreeze.locateOnScreen(*args, **kwargs)
           ~~~~~~~~~~~~~~~~~~~~~~~~^^^^^^^^^^^^^^^^^
  File "C:\Users\Matteo\AppData\Local\Programs\Python\Python313\Lib\site-packages\pyscreeze\__init__.py", line 405, in locateOnScreen
    retVal = locate(image, screenshotIm, **kwargs)
  File "C:\Users\Matteo\AppData\Local\Programs\Python\Python313\Lib\site-packages\pyscreeze\__init__.py", line 383, in locate
    points = tuple(locateAll(needleImage, haystackImage, **kwargs))
  File "C:\Users\Matteo\AppData\Local\Programs\Python\Python313\Lib\site-packages\pyscreeze\__init__.py", line 257, in _locateAll_opencv
    raise ImageNotFoundException('Could not locate the image (highest confidence = %.3f)' % result.max())
pyscreeze.ImageNotFoundException: Could not locate the image (highest confidence = 0.534)

During handling of the above exception, another exception occurred:

Traceback (most recent call last):
  File "c:\Users\Matteo\Desktop\VPN KUL\vpn_kul.py", line 70, in <module>
    middle_button = pyautogui.locateOnScreen('middle_button.png', confidence=0.75, region=region)
  File "C:\Users\Matteo\AppData\Local\Programs\Python\Python313\Lib\site-packages\pyautogui\__init__.py", line 174, in wrapper
    raise ImageNotFoundException  # Raise PyAutoGUI's ImageNotFoundException.
    ^^^^^^^^^^^^^^^^^^^^^^^^^^^^
pyautogui.ImageNotFoundException

2025-07-15 22:53:47,291 - INFO - Error screenshot saved as error_screenshot.png
2025-07-15 22:56:31,729 - DEBUG - Loading KWallet
2025-07-15 22:56:31,730 - DEBUG - Loading SecretService
2025-07-15 22:56:31,731 - DEBUG - Loading Windows
2025-07-15 22:56:31,739 - DEBUG - Loaded ctypes backend
2025-07-15 22:56:31,747 - DEBUG - Loading chainer
2025-07-15 22:56:31,748 - DEBUG - Loading libsecret
2025-07-15 22:56:31,749 - DEBUG - Loading macOS
2025-07-15 22:56:33,423 - INFO - Attempting to locate button images in region: (1305, 592, 153, 192)
2025-07-15 22:56:33,581 - ERROR - An error occurred while trying to find or click the button: 
2025-07-15 22:56:33,585 - ERROR - Traceback (most recent call last):
  File "C:\Users\Matteo\AppData\Local\Programs\Python\Python313\Lib\site-packages\pyautogui\__init__.py", line 172, in wrapper
    return wrappedFunction(*args, **kwargs)
  File "C:\Users\Matteo\AppData\Local\Programs\Python\Python313\Lib\site-packages\pyautogui\__init__.py", line 210, in locateOnScreen
    return pyscreeze.locateOnScreen(*args, **kwargs)
           ~~~~~~~~~~~~~~~~~~~~~~~~^^^^^^^^^^^^^^^^^
  File "C:\Users\Matteo\AppData\Local\Programs\Python\Python313\Lib\site-packages\pyscreeze\__init__.py", line 405, in locateOnScreen
    retVal = locate(image, screenshotIm, **kwargs)
  File "C:\Users\Matteo\AppData\Local\Programs\Python\Python313\Lib\site-packages\pyscreeze\__init__.py", line 383, in locate
    points = tuple(locateAll(needleImage, haystackImage, **kwargs))
  File "C:\Users\Matteo\AppData\Local\Programs\Python\Python313\Lib\site-packages\pyscreeze\__init__.py", line 257, in _locateAll_opencv
    raise ImageNotFoundException('Could not locate the image (highest confidence = %.3f)' % result.max())
pyscreeze.ImageNotFoundException: Could not locate the image (highest confidence = 0.534)

During handling of the above exception, another exception occurred:

Traceback (most recent call last):
  File "c:\Users\Matteo\Desktop\VPN KUL\vpn_kul.py", line 70, in <module>
    middle_button = pyautogui.locateOnScreen('middle_button.png', confidence=0.65, region=region)
  File "C:\Users\Matteo\AppData\Local\Programs\Python\Python313\Lib\site-packages\pyautogui\__init__.py", line 174, in wrapper
    raise ImageNotFoundException  # Raise PyAutoGUI's ImageNotFoundException.
    ^^^^^^^^^^^^^^^^^^^^^^^^^^^^
pyautogui.ImageNotFoundException

2025-07-15 22:56:33,840 - INFO - Error screenshot saved as error_screenshot.png
2025-07-15 22:56:44,824 - DEBUG - Loading KWallet
2025-07-15 22:56:44,826 - DEBUG - Loading SecretService
2025-07-15 22:56:44,827 - DEBUG - Loading Windows
2025-07-15 22:56:44,835 - DEBUG - Loaded ctypes backend
2025-07-15 22:56:44,843 - DEBUG - Loading chainer
2025-07-15 22:56:44,844 - DEBUG - Loading libsecret
2025-07-15 22:56:44,846 - DEBUG - Loading macOS
2025-07-15 22:56:46,506 - INFO - Attempting to locate button images in region: (1305, 592, 153, 192)
2025-07-15 22:56:46,631 - ERROR - An error occurred while trying to find or click the button: 
2025-07-15 22:56:46,635 - ERROR - Traceback (most recent call last):
  File "C:\Users\Matteo\AppData\Local\Programs\Python\Python313\Lib\site-packages\pyautogui\__init__.py", line 172, in wrapper
    return wrappedFunction(*args, **kwargs)
  File "C:\Users\Matteo\AppData\Local\Programs\Python\Python313\Lib\site-packages\pyautogui\__init__.py", line 210, in locateOnScreen
    return pyscreeze.locateOnScreen(*args, **kwargs)
           ~~~~~~~~~~~~~~~~~~~~~~~~^^^^^^^^^^^^^^^^^
  File "C:\Users\Matteo\AppData\Local\Programs\Python\Python313\Lib\site-packages\pyscreeze\__init__.py", line 405, in locateOnScreen
    retVal = locate(image, screenshotIm, **kwargs)
  File "C:\Users\Matteo\AppData\Local\Programs\Python\Python313\Lib\site-packages\pyscreeze\__init__.py", line 383, in locate
    points = tuple(locateAll(needleImage, haystackImage, **kwargs))
  File "C:\Users\Matteo\AppData\Local\Programs\Python\Python313\Lib\site-packages\pyscreeze\__init__.py", line 257, in _locateAll_opencv
    raise ImageNotFoundException('Could not locate the image (highest confidence = %.3f)' % result.max())
pyscreeze.ImageNotFoundException: Could not locate the image (highest confidence = 0.534)

During handling of the above exception, another exception occurred:

Traceback (most recent call last):
  File "c:\Users\Matteo\Desktop\VPN KUL\vpn_kul.py", line 70, in <module>
    middle_button = pyautogui.locateOnScreen('middle_button.png', confidence=0.6, region=region)
  File "C:\Users\Matteo\AppData\Local\Programs\Python\Python313\Lib\site-packages\pyautogui\__init__.py", line 174, in wrapper
    raise ImageNotFoundException  # Raise PyAutoGUI's ImageNotFoundException.
    ^^^^^^^^^^^^^^^^^^^^^^^^^^^^
pyautogui.ImageNotFoundException

2025-07-15 22:56:46,872 - INFO - Error screenshot saved as error_screenshot.png
2025-07-15 22:56:59,156 - DEBUG - Loading KWallet
2025-07-15 22:56:59,158 - DEBUG - Loading SecretService
2025-07-15 22:56:59,159 - DEBUG - Loading Windows
2025-07-15 22:56:59,167 - DEBUG - Loaded ctypes backend
2025-07-15 22:56:59,175 - DEBUG - Loading chainer
2025-07-15 22:56:59,176 - DEBUG - Loading libsecret
2025-07-15 22:56:59,177 - DEBUG - Loading macOS
2025-07-15 22:57:00,847 - INFO - Attempting to locate button images in region: (1305, 592, 153, 192)
2025-07-15 22:57:01,012 - INFO - Found middle button directly
2025-07-15 22:57:01,013 - INFO - Attempting to click the middle button at: (1386, 701)
2025-07-15 22:57:01,117 - INFO - Clicked the middle button
